-------------------------------------------------------------------------------
Test set: com.solace.psg.sempv1.sempinterface.ShowCommandsTest
-------------------------------------------------------------------------------
Tests run: 3, Failures: 0, Errors: 1, Skipped: 2, Time elapsed: 0.001 s <<< FAILURE! - in com.solace.psg.sempv1.sempinterface.ShowCommandsTest
testGetVpnQueuesStats(com.solace.psg.sempv1.sempinterface.ShowCommandsTest)  Time elapsed: 0 s  <<< ERROR!
java.lang.IllegalArgumentException: Argument vpnName cannot be null.
	at com.solace.psg.sempv1.sempinterface.ShowCommandsTest.testGetVpnQueuesStats(ShowCommandsTest.java:67)

