<?xml version="1.0" encoding="UTF-8"?>
<testsuite xmlns:xsi="http://www.w3.org/2001/XMLSchema-instance" xsi:noNamespaceSchemaLocation="https://maven.apache.org/surefire/maven-surefire-plugin/xsd/surefire-test-report.xsd" name="com.solace.psg.sempv1.sempinterface.ConfigureCommandsTest" time="0.003" tests="4" errors="1" skipped="3" failures="0">
  <properties>
[...]
</properties>
  <testcase name="testEnableQueue" classname="com.solace.psg.sempv1.sempinterface.ConfigureCommandsTest" time="0">
    <skipped/>
  </testcase>
  <testcase name="testShutdownQueue" classname="com.solace.psg.sempv1.sempinterface.ConfigureCommandsTest" time="0">
    <skipped/>
  </testcase>
  <testcase name="testConfigureSubscriptionEvents" classname="com.solace.psg.sempv1.sempinterface.ConfigureCommandsTest" time="0">
    <skipped/>
  </testcase>
  <testcase name="testConfigureMaxUnackedMessages" classname="com.solace.psg.sempv1.sempinterface.ConfigureCommandsTest" time="0.002">
    <error message="Username may not be null" type="java.lang.IllegalArgumentException">java.lang.IllegalArgumentException: Username may not be null
	at com.solace.psg.sempv1.sempinterface.ConfigureCommandsTest.testConfigureMaxUnackedMessages(ConfigureCommandsTest.java:128)
</error>
    <system-out><![CDATA[[INFO ] 2020-10-08 22:14:58.470 [main] ConfigureCommands - Executing SEMP configure command setQueueMaxUnackedMessages for vpn SAPAribaOld1, queue testQueue1.
[INFO ] 2020-10-08 22:14:58.473 [main] SempCommand - Running configure command: <message-spool><vpn-name>SAPAribaOld1</vpn-name><queue><name>testQueue1</name><max-delivered-unacked-msgs-per-flow><max>10</max></max-delivered-unacked-msgs-per-flow></queue></message-spool></rpc>
]]></system-out>
  </testcase>
</testsuite>